<?xml version="1.0" encoding="UTF-8"?>
<!-- Generated by org.testng.reporters.JUnitReportReporter -->
<testsuite hostname="LAPTOP-I2MVIV59" failures="0" tests="4" name="SeleniumAutomationCourse.tests.SubmitOrderTest" time="53.136" errors="0" timestamp="2024-04-21T16:26:56 IST" skipped="0">
  <testcase classname="SeleniumAutomationCourse.tests.SubmitOrderTest" name="SubmitOrder" time="21.558"/>
  <system-out/>
  <testcase classname="SeleniumAutomationCourse.tests.SubmitOrderTest" name="OrderHistoryTest" time="5.346"/>
  <system-out/>
  <testcase classname="SeleniumAutomationCourse.tests.SubmitOrderTest" name="OrderHistoryTest" time="6.150"/>
  <system-out/>
  <testcase classname="SeleniumAutomationCourse.tests.SubmitOrderTest" name="SubmitOrder" time="20.082"/>
  <system-out/>
</testsuite> <!-- SeleniumAutomationCourse.tests.SubmitOrderTest -->
