<?xml version="1.0" encoding="UTF-8"?>
<!-- Generated by org.testng.reporters.JUnitReportReporter -->
<testsuite hostname="LAPTOP-I2MVIV59" failures="0" tests="1" name="SeleniumAutomationCourse.tests.StandAloneTest" time="21.033" errors="0" timestamp="2024-04-05T09:05:42 IST" skipped="0">
  <testcase classname="SeleniumAutomationCourse.tests.StandAloneTest" name="SubmitOrder" time="21.033"/>
  <system-out/>
</testsuite> <!-- SeleniumAutomationCourse.tests.StandAloneTest -->
